============================= test session starts =============================
platform win32 -- Python 3.11.3, pytest-8.4.2, pluggy-1.6.0
rootdir: C:\Users\jvend\Documents\CodeProjects\bedrock
configfile: pyproject.toml
plugins: anyio-4.11.0, cov-6.3.0, typeguard-4.4.4
collected 424 items / 197 deselected / 227 selected

bedrock\extract\__tests__\test_fba.py s
bedrock\extract\disaggregation\__tests__\test_waste_weights.py ......
bedrock\publish\__tests__\test_excel_writer.py 2026-06-08 21:39:11 INFO     publish: skipping sheet 'A' (getter returned None)
2026-06-08 21:39:11 INFO     publish: writing 4 sheets to C:\Users\jvend\AppData\Local\Temp\pytest-of-jvend\pytest-52\test_writes_only_materialized_0\model.xlsx
.2026-06-08 21:39:12 INFO     publish: skipping sheet 'A' (getter returned None)
2026-06-08 21:39:12 INFO     publish: writing 4 sheets to C:\Users\jvend\AppData\Local\Temp\pytest-of-jvend\pytest-52\test_loc_suffix_applied_only_t0\model.xlsx
.2026-06-08 21:39:12 INFO     publish: skipping sheet 'A' (getter returned None)
2026-06-08 21:39:12 INFO     publish: writing 4 sheets to C:\Users\jvend\AppData\Local\Temp\pytest-of-jvend\pytest-52\test_round_trip_values_preserv0\model.xlsx
..
bedrock\transform\__tests__\test_eeio_derivation.py .
bedrock\transform\__tests__\test_fbs.py s
bedrock\transform\allocation\__tests__\test_allocation.py .
bedrock\transform\allocation\__tests__\test_mecs_mapping.py ..
bedrock\transform\allocation\ch4\__tests__\test_ch4.py .
bedrock\transform\allocation\co2\__tests__\test_co2.py .
bedrock\transform\allocation\n2o\__tests__\test_n2o.py .
bedrock\transform\allocation\other_gases\__tests__\test_other_gases.py .
bedrock\transform\eeio\__tests__\test_electricity_disaggregation.py ..
bedrock\transform\eeio\__tests__\test_electricity_reallocation.py ...
bedrock\transform\eeio\__tests__\test_summary_a_realigned.py 2026-06-08 21:39:23 WARNING  Duplicate sector codes in gross output; aggregating by sum.
.2026-06-08 21:39:30 WARNING  Duplicate sector codes in gross output; aggregating by sum.
.
bedrock\transform\eeio\__tests__\test_useeio_b_steps.py F
bedrock\transform\eeio\__tests__\test_waste_disagg_pipeline_integration.py ...................E2026-06-08 21:39:56 INFO     Allocating co2_aluminum_production
2026-06-08 21:39:56 INFO     Allocating co2_ammonia_production
2026-06-08 21:39:56 INFO     Allocating co2_carbon_dioxide_consumption
2026-06-08 21:39:56 INFO     Allocating co2_cement_production
2026-06-08 21:39:56 INFO     Allocating co2_commercial_coal
2026-06-08 21:40:02 INFO     Allocating co2_commercial_natural_gas
2026-06-08 21:40:02 INFO     Allocating co2_commercial_petrol
2026-06-08 21:40:02 INFO     Allocating co2_electricity_generation
2026-06-08 21:40:02 INFO     Allocating co2_ferroalloy_production
2026-06-08 21:40:02 INFO     Allocating co2_glass_production
2026-06-08 21:40:02 INFO     Allocating co2_incineration_of_waste
2026-06-08 21:40:02 INFO     Allocating co2_industrial_coal
2026-06-08 21:40:02 INFO     Allocating co2_industrial_natural_gas
2026-06-08 21:40:02 INFO     Allocating co2_industrial_petrol
2026-06-08 21:40:02 INFO     Allocating co2_international_bunker_fuels
2026-06-08 21:40:02 INFO     Allocating co2_iron_and_steel_production_and_metallurgical_coke_production
2026-06-08 21:40:02 INFO     Allocating co2_land_use_land_use_change_and_forestry_sinks
2026-06-08 21:40:02 INFO     Allocating co2_lead_production
2026-06-08 21:40:02 INFO     Allocating co2_lime_production
2026-06-08 21:40:02 INFO     Allocating co2_liming_of_agricultural_soils
2026-06-08 21:40:02 INFO     Allocating co2_magnesium_production_and_processing
2026-06-08 21:40:02 INFO     Allocating co2_natural_gas_systems
2026-06-08 21:40:02 INFO     Allocating co2_non_energy_fuels_coal_coke
2026-06-08 21:40:02 INFO     Allocating co2_non_energy_fuels_natural_gas
2026-06-08 21:40:02 INFO     NOT reverting to V5 allocation changes.
2026-06-08 21:40:02 INFO     Allocating co2_non_energy_fuels_petrol
2026-06-08 21:40:02 INFO     NOT reverting to V5 allocation changes.
2026-06-08 21:40:02 INFO     Allocating co2_non_energy_fuels_transport
2026-06-08 21:40:02 INFO     Allocating co2_other_process_uses_of_carbonates
2026-06-08 21:40:02 INFO     Allocating co2_peatlands_remaining_peatlands
2026-06-08 21:40:02 INFO     Allocating co2_petrochemical_production
2026-06-08 21:40:02 INFO     Allocating co2_petroleum_systems
2026-06-08 21:40:02 INFO     Allocating co2_phosphoric_acid_production
2026-06-08 21:40:02 INFO     Allocating co2_residential
2026-06-08 21:40:02 INFO     Allocating co2_silicon_carbide_production_and_consumption
2026-06-08 21:40:02 INFO     Allocating co2_soda_ash_production_and_consumption
2026-06-08 21:40:02 INFO     Allocating co2_titanium_dioxide_production
2026-06-08 21:40:02 INFO     Allocating co2_transportation_aviation_gasoline
2026-06-08 21:40:02 INFO     Allocating co2_transportation_distillate_fuel_oil
2026-06-08 21:40:02 INFO     Allocating co2_transportation_jet_fuel
2026-06-08 21:40:02 INFO     Allocating co2_transportation_lpg
2026-06-08 21:40:02 INFO     Allocating co2_transportation_motor_gasoline
2026-06-08 21:40:02 INFO     Allocating co2_transportation_natural_gas
2026-06-08 21:40:02 INFO     Allocating co2_transportation_residual_fuel
2026-06-08 21:40:02 INFO     Allocating co2_urea_consumption_for_nonagricultural_purposes
2026-06-08 21:40:02 INFO     Allocating co2_urea_fertilization
2026-06-08 21:40:02 INFO     Allocating co2_us_territories
2026-06-08 21:40:02 INFO     Allocating co2_wood_biomass_and_ethanol_consumption
2026-06-08 21:40:02 INFO     Allocating co2_zinc_production
2026-06-08 21:40:02 INFO     Allocating ch4_abandoned_oil_and_gas_wells
2026-06-08 21:40:02 INFO     Allocating ch4_abandoned_underground_coal_mines
2026-06-08 21:40:02 INFO     Allocating ch4_coal_mining
2026-06-08 21:40:02 INFO     Allocating ch4_composting
2026-06-08 21:40:02 INFO     Allocating ch4_enteric_fermentation
2026-06-08 21:40:02 INFO     Allocating ch4_ferroalloy_production
2026-06-08 21:40:02 INFO     Allocating ch4_field_burning_of_agricultural_residues
2026-06-08 21:40:02 INFO     Allocating ch4_incineration_of_waste
2026-06-08 21:40:02 INFO     Allocating ch4_international_bunker_fuels
2026-06-08 21:40:02 INFO     Allocating ch4_iron_and_steel_production_and_metallurgical_coke_production
2026-06-08 21:40:02 INFO     Allocating ch4_landfills
2026-06-08 21:40:02 INFO     Allocating ch4_manure_management
2026-06-08 21:40:02 INFO     Allocating ch4_mobile_combustion
2026-06-08 21:40:02 INFO     Allocating ch4_natural_gas_systems
2026-06-08 21:40:02 INFO     Allocating ch4_petrochemical_production
2026-06-08 21:40:02 INFO     Allocating ch4_petroleum_systems
2026-06-08 21:40:02 INFO     Allocating ch4_rice_cultivation
2026-06-08 21:40:02 INFO     Allocating ch4_silicon_carbide_production_and_consumption
2026-06-08 21:40:02 INFO     Allocating ch4_stationary_combustion_commercial_fuel_oil
2026-06-08 21:40:02 INFO     Allocating ch4_stationary_combustion_commercial_natural_gas
2026-06-08 21:40:02 INFO     Allocating ch4_stationary_combustion_electric
2026-06-08 21:40:02 INFO     Allocating ch4_stationary_combustion_industrial_coal
2026-06-08 21:40:02 INFO     Allocating ch4_stationary_combustion_industrial_fuel_oil
2026-06-08 21:40:02 INFO     Allocating ch4_stationary_combustion_industrial_natural_gas
2026-06-08 21:40:02 INFO     Allocating ch4_stationary_combustion_residential
2026-06-08 21:40:02 INFO     Allocating ch4_wastewater_treatment
2026-06-08 21:40:02 INFO     Allocating n2o_adipic_acid_production
2026-06-08 21:40:02 INFO     Allocating n2o_agricultural_soil_management_cropland_fertilizer
2026-06-08 21:40:02 INFO     Allocating n2o_agricultural_soil_management_cropland_mineralization_and_other
2026-06-08 21:40:02 INFO     Allocating n2o_agricultural_soil_management_grassland
2026-06-08 21:40:02 INFO     Allocating n2o_caprolactam_glyoxal_and_glyoxylic_acid_production
2026-06-08 21:40:02 INFO     Allocating n2o_composting
2026-06-08 21:40:02 INFO     Allocating n2o_field_burning_of_agricultural_residues
2026-06-08 21:40:02 INFO     Allocating n2o_from_product_uses
2026-06-08 21:40:02 INFO     Allocating n2o_incineration_of_waste
2026-06-08 21:40:02 INFO     Allocating n2o_international_bunker_fuels
2026-06-08 21:40:02 INFO     Allocating n2o_manure_management
2026-06-08 21:40:02 INFO     Allocating n2o_mobile_combustion
2026-06-08 21:40:02 INFO     Allocating n2o_nitric_acid_production
2026-06-08 21:40:02 INFO     Allocating n2o_semiconductor_manufacture
2026-06-08 21:40:02 INFO     Allocating n2o_stationary_combustion_commercial_fuel_oil
2026-06-08 21:40:02 INFO     Allocating n2o_stationary_combustion_commercial_natural_gas
2026-06-08 21:40:02 INFO     Allocating n2o_stationary_combustion_electric
2026-06-08 21:40:02 INFO     Allocating n2o_stationary_combustion_industrial_coal
2026-06-08 21:40:02 INFO     Allocating n2o_stationary_combustion_industrial_fuel_oil
2026-06-08 21:40:02 INFO     Allocating n2o_stationary_combustion_industrial_natural_gas
2026-06-08 21:40:02 INFO     Allocating n2o_stationary_combustion_residential
2026-06-08 21:40:02 INFO     Allocating n2o_wastewater_treatment
2026-06-08 21:40:02 INFO     Allocating hfc_125_foams
2026-06-08 21:40:47 INFO     Allocating hfc_125_substitution_of_ozone_depleting_substances_others
2026-06-08 21:40:47 INFO     Allocating hfc_125_substitution_of_ozone_depleting_substances_transport
2026-06-08 21:40:47 INFO     Allocating hfc_134a_foams
2026-06-08 21:40:47 INFO     Allocating hfc_134a_magnesium_production_and_processing
2026-06-08 21:40:47 INFO     Allocating hfc_134a_substitution_of_ozone_depleting_substances_others
2026-06-08 21:40:47 INFO     Allocating hfc_134a_substitution_of_ozone_depleting_substances_transport
2026-06-08 21:40:47 INFO     Allocating hfc_143a_foams
2026-06-08 21:40:47 INFO     Allocating hfc_143a_substitution_of_ozone_depleting_substances_others
2026-06-08 21:40:47 INFO     Allocating hfc_143a_substitution_of_ozone_depleting_substances_transport
2026-06-08 21:40:47 INFO     Allocating hfc_23_hcfc_22_production
2026-06-08 21:40:47 INFO     Allocating hfc_23_semiconductor_manufacture
2026-06-08 21:40:47 INFO     Allocating hfc_236fa_foams
2026-06-08 21:40:47 INFO     Allocating hfc_236fa_substitution_of_ozone_depleting_substances_others
2026-06-08 21:40:47 INFO     Allocating hfc_236fa_substitution_of_ozone_depleting_substances_transport
2026-06-08 21:40:47 INFO     Allocating hfc_32_foams
2026-06-08 21:40:47 INFO     Allocating hfc_32_substitution_of_ozone_depleting_substances_others
2026-06-08 21:40:47 INFO     Allocating hfc_32_substitution_of_ozone_depleting_substances_transport
2026-06-08 21:40:47 INFO     Allocating nf3_semiconductor_manufacture
2026-06-08 21:40:47 INFO     Allocating pfc_c2f6_aluminum_production
2026-06-08 21:40:47 INFO     Allocating pfc_c2f6_semiconductor_manufacture
2026-06-08 21:40:47 INFO     Allocating pfc_c3f8_semiconductor_manufacture
2026-06-08 21:40:47 INFO     Allocating pfc_c4f8_semiconductor_manufacture
2026-06-08 21:40:47 INFO     Allocating pfc_cf4_aluminum_production
2026-06-08 21:40:47 INFO     Allocating pfc_cf4_semiconductor_manufacture
2026-06-08 21:40:47 INFO     Allocating sf6_electrical_transmission_and_distribution
2026-06-08 21:40:47 INFO     Allocating sf6_magnesium_production_and_processing
2026-06-08 21:40:47 INFO     Allocating sf6_semiconductor_manufacture
2026-06-08 21:40:47 INFO     [TIMING] All 123 allocations completed in 51.2s
.2026-06-08 21:40:47 INFO     Allocating co2_aluminum_production
2026-06-08 21:40:47 INFO     Allocating co2_ammonia_production
2026-06-08 21:40:47 INFO     Allocating co2_carbon_dioxide_consumption
2026-06-08 21:40:47 INFO     Allocating co2_cement_production
2026-06-08 21:40:47 INFO     Allocating co2_commercial_coal
2026-06-08 21:40:47 INFO     Allocating co2_commercial_natural_gas
2026-06-08 21:40:47 INFO     Allocating co2_commercial_petrol
2026-06-08 21:40:47 INFO     Allocating co2_electricity_generation
2026-06-08 21:40:47 INFO     Allocating co2_ferroalloy_production
2026-06-08 21:40:47 INFO     Allocating co2_glass_production
2026-06-08 21:40:47 INFO     Allocating co2_incineration_of_waste
2026-06-08 21:40:47 INFO     Allocating co2_industrial_coal
2026-06-08 21:40:47 INFO     Allocating co2_industrial_natural_gas
2026-06-08 21:40:47 INFO     Allocating co2_industrial_petrol
2026-06-08 21:40:47 INFO     Allocating co2_international_bunker_fuels
2026-06-08 21:40:47 INFO     Allocating co2_iron_and_steel_production_and_metallurgical_coke_production
2026-06-08 21:40:47 INFO     Allocating co2_land_use_land_use_change_and_forestry_sinks
2026-06-08 21:40:47 INFO     Allocating co2_lead_production
2026-06-08 21:40:47 INFO     Allocating co2_lime_production
2026-06-08 21:40:47 INFO     Allocating co2_liming_of_agricultural_soils
2026-06-08 21:40:47 INFO     Allocating co2_magnesium_production_and_processing
2026-06-08 21:40:47 INFO     Allocating co2_natural_gas_systems
2026-06-08 21:40:47 INFO     Allocating co2_non_energy_fuels_coal_coke
2026-06-08 21:40:47 INFO     Allocating co2_non_energy_fuels_natural_gas
2026-06-08 21:40:47 INFO     NOT reverting to V5 allocation changes.
2026-06-08 21:40:47 INFO     Allocating co2_non_energy_fuels_petrol
2026-06-08 21:40:47 INFO     NOT reverting to V5 allocation changes.
2026-06-08 21:40:47 INFO     Allocating co2_non_energy_fuels_transport
2026-06-08 21:40:47 INFO     Allocating co2_other_process_uses_of_carbonates
2026-06-08 21:40:47 INFO     Allocating co2_peatlands_remaining_peatlands
2026-06-08 21:40:47 INFO     Allocating co2_petrochemical_production
2026-06-08 21:40:47 INFO     Allocating co2_petroleum_systems
2026-06-08 21:40:47 INFO     Allocating co2_phosphoric_acid_production
2026-06-08 21:40:47 INFO     Allocating co2_residential
2026-06-08 21:40:47 INFO     Allocating co2_silicon_carbide_production_and_consumption
2026-06-08 21:40:47 INFO     Allocating co2_soda_ash_production_and_consumption
2026-06-08 21:40:47 INFO     Allocating co2_titanium_dioxide_production
2026-06-08 21:40:47 INFO     Allocating co2_transportation_aviation_gasoline
2026-06-08 21:40:47 INFO     Allocating co2_transportation_distillate_fuel_oil
2026-06-08 21:40:47 INFO     Allocating co2_transportation_jet_fuel
2026-06-08 21:40:47 INFO     Allocating co2_transportation_lpg
2026-06-08 21:40:47 INFO     Allocating co2_transportation_motor_gasoline
2026-06-08 21:40:47 INFO     Allocating co2_transportation_natural_gas
2026-06-08 21:40:47 INFO     Allocating co2_transportation_residual_fuel
2026-06-08 21:40:47 INFO     Allocating co2_urea_consumption_for_nonagricultural_purposes
2026-06-08 21:40:47 INFO     Allocating co2_urea_fertilization
2026-06-08 21:40:47 INFO     Allocating co2_us_territories
2026-06-08 21:40:47 INFO     Allocating co2_wood_biomass_and_ethanol_consumption
2026-06-08 21:40:47 INFO     Allocating co2_zinc_production
2026-06-08 21:40:47 INFO     Allocating ch4_abandoned_oil_and_gas_wells
2026-06-08 21:40:47 INFO     Allocating ch4_abandoned_underground_coal_mines
2026-06-08 21:40:47 INFO     Allocating ch4_coal_mining
2026-06-08 21:40:47 INFO     Allocating ch4_composting
2026-06-08 21:40:47 INFO     Allocating ch4_enteric_fermentation
2026-06-08 21:40:47 INFO     Allocating ch4_ferroalloy_production
2026-06-08 21:40:47 INFO     Allocating ch4_field_burning_of_agricultural_residues
2026-06-08 21:40:47 INFO     Allocating ch4_incineration_of_waste
2026-06-08 21:40:47 INFO     Allocating ch4_international_bunker_fuels
2026-06-08 21:40:47 INFO     Allocating ch4_iron_and_steel_production_and_metallurgical_coke_production
2026-06-08 21:40:47 INFO     Allocating ch4_landfills
2026-06-08 21:40:47 INFO     Allocating ch4_manure_management
2026-06-08 21:40:47 INFO     Allocating ch4_mobile_combustion
2026-06-08 21:40:47 INFO     Allocating ch4_natural_gas_systems
2026-06-08 21:40:47 INFO     Allocating ch4_petrochemical_production
2026-06-08 21:40:47 INFO     Allocating ch4_petroleum_systems
2026-06-08 21:40:47 INFO     Allocating ch4_rice_cultivation
2026-06-08 21:40:47 INFO     Allocating ch4_silicon_carbide_production_and_consumption
2026-06-08 21:40:47 INFO     Allocating ch4_stationary_combustion_commercial_fuel_oil
2026-06-08 21:40:47 INFO     Allocating ch4_stationary_combustion_commercial_natural_gas
2026-06-08 21:40:47 INFO     Allocating ch4_stationary_combustion_electric
2026-06-08 21:40:47 INFO     Allocating ch4_stationary_combustion_industrial_coal
2026-06-08 21:40:47 INFO     Allocating ch4_stationary_combustion_industrial_fuel_oil
2026-06-08 21:40:47 INFO     Allocating ch4_stationary_combustion_industrial_natural_gas
2026-06-08 21:40:47 INFO     Allocating ch4_stationary_combustion_residential
2026-06-08 21:40:47 INFO     Allocating ch4_wastewater_treatment
2026-06-08 21:40:47 INFO     Allocating n2o_adipic_acid_production
2026-06-08 21:40:47 INFO     Allocating n2o_agricultural_soil_management_cropland_fertilizer
2026-06-08 21:40:47 INFO     Allocating n2o_agricultural_soil_management_cropland_mineralization_and_other
2026-06-08 21:40:47 INFO     Allocating n2o_agricultural_soil_management_grassland
2026-06-08 21:40:47 INFO     Allocating n2o_caprolactam_glyoxal_and_glyoxylic_acid_production
2026-06-08 21:40:47 INFO     Allocating n2o_composting
2026-06-08 21:40:47 INFO     Allocating n2o_field_burning_of_agricultural_residues
2026-06-08 21:40:47 INFO     Allocating n2o_from_product_uses
2026-06-08 21:40:47 INFO     Allocating n2o_incineration_of_waste
2026-06-08 21:40:47 INFO     Allocating n2o_international_bunker_fuels
2026-06-08 21:40:47 INFO     Allocating n2o_manure_management
2026-06-08 21:40:47 INFO     Allocating n2o_mobile_combustion
2026-06-08 21:40:47 INFO     Allocating n2o_nitric_acid_production
2026-06-08 21:40:47 INFO     Allocating n2o_semiconductor_manufacture
2026-06-08 21:40:47 INFO     Allocating n2o_stationary_combustion_commercial_fuel_oil
2026-06-08 21:40:47 INFO     Allocating n2o_stationary_combustion_commercial_natural_gas
2026-06-08 21:40:47 INFO     Allocating n2o_stationary_combustion_electric
2026-06-08 21:40:47 INFO     Allocating n2o_stationary_combustion_industrial_coal
2026-06-08 21:40:47 INFO     Allocating n2o_stationary_combustion_industrial_fuel_oil
2026-06-08 21:40:47 INFO     Allocating n2o_stationary_combustion_industrial_natural_gas
2026-06-08 21:40:47 INFO     Allocating n2o_stationary_combustion_residential
2026-06-08 21:40:47 INFO     Allocating n2o_wastewater_treatment
2026-06-08 21:40:47 INFO     Allocating hfc_125_foams
2026-06-08 21:40:47 INFO     Allocating hfc_125_substitution_of_ozone_depleting_substances_others
2026-06-08 21:40:47 INFO     Allocating hfc_125_substitution_of_ozone_depleting_substances_transport
2026-06-08 21:40:47 INFO     Allocating hfc_134a_foams
2026-06-08 21:40:47 INFO     Allocating hfc_134a_magnesium_production_and_processing
2026-06-08 21:40:47 INFO     Allocating hfc_134a_substitution_of_ozone_depleting_substances_others
2026-06-08 21:40:47 INFO     Allocating hfc_134a_substitution_of_ozone_depleting_substances_transport
2026-06-08 21:40:47 INFO     Allocating hfc_143a_foams
2026-06-08 21:40:47 INFO     Allocating hfc_143a_substitution_of_ozone_depleting_substances_others
2026-06-08 21:40:47 INFO     Allocating hfc_143a_substitution_of_ozone_depleting_substances_transport
2026-06-08 21:40:47 INFO     Allocating hfc_23_hcfc_22_production
2026-06-08 21:40:47 INFO     Allocating hfc_23_semiconductor_manufacture
2026-06-08 21:40:47 INFO     Allocating hfc_236fa_foams
2026-06-08 21:40:47 INFO     Allocating hfc_236fa_substitution_of_ozone_depleting_substances_others
2026-06-08 21:40:47 INFO     Allocating hfc_236fa_substitution_of_ozone_depleting_substances_transport
2026-06-08 21:40:47 INFO     Allocating hfc_32_foams
2026-06-08 21:40:47 INFO     Allocating hfc_32_substitution_of_ozone_depleting_substances_others
2026-06-08 21:40:47 INFO     Allocating hfc_32_substitution_of_ozone_depleting_substances_transport
2026-06-08 21:40:47 INFO     Allocating nf3_semiconductor_manufacture
2026-06-08 21:40:47 INFO     Allocating pfc_c2f6_aluminum_production
2026-06-08 21:40:47 INFO     Allocating pfc_c2f6_semiconductor_manufacture
2026-06-08 21:40:47 INFO     Allocating pfc_c3f8_semiconductor_manufacture
2026-06-08 21:40:47 INFO     Allocating pfc_c4f8_semiconductor_manufacture
2026-06-08 21:40:47 INFO     Allocating pfc_cf4_aluminum_production
2026-06-08 21:40:47 INFO     Allocating pfc_cf4_semiconductor_manufacture
2026-06-08 21:40:47 INFO     Allocating sf6_electrical_transmission_and_distribution
2026-06-08 21:40:47 INFO     Allocating sf6_magnesium_production_and_processing
2026-06-08 21:40:47 INFO     Allocating sf6_semiconductor_manufacture
2026-06-08 21:40:47 INFO     [TIMING] All 123 allocations completed in 0.5s
2026-06-08 21:40:48 WARNING  Duplicate sector codes in gross output; aggregating by sum.
x.F
bedrock\transform\eeio\__tests__\test_waste_disaggregation.py ...............................s.......
bedrock\transform\iot\__tests__\test_derive_gross_output.py ...2026-06-08 21:41:00 WARNING  Skipping co-production entries for destination industries not in gross output: {'Z'}
..
bedrock\utils\__tests__\test_gcp.py 2026-06-08 21:41:02 INFO     Downloaded `gs://cornerstone-default/examples/example.csv` to `./test_file.csv`.
...
bedrock\utils\config\__tests__\test_diff_methods.py .............................
bedrock\utils\config\__tests__\test_usa_config.py ......................
bedrock\utils\economic\__tests__\test_inflation_helpers_cornerstone.py .handling duplicated codes ['221100', '4B0000']
.
bedrock\utils\economic\__tests__\test_summary_commodity_price_ratio.py .2026-06-08 21:41:03 WARNING  Duplicate sector codes in gross output; aggregating by sum.
......
bedrock\utils\io\__tests__\test_gcp.py 2026-06-08 21:41:03 INFO     creating spreadsheet "my_run_2026_04_28" in folder folder_abc
.
bedrock\utils\snapshots\__tests__\test_loader.py ..
bedrock\utils\taxonomy\mappings\__tests__\test_bea_ceda_v7__cornerstone_commodity.py ....................
bedrock\utils\validation\__tests__\test_calculate_ef_diagnostics.py 2026-06-08 21:41:03 INFO     [TIMING] pull_efs_for_diagnostics completed in 0.0s
2026-06-08 21:41:03 INFO     ------ Calculating EF Diagnostics ------
2026-06-08 21:41:03 INFO     [TIMING] Write N_and_diffs to Google Sheets in 0.0s
2026-06-08 21:41:03 INFO     [TIMING] Write D_and_diffs to Google Sheets in 0.0s
2026-06-08 21:41:03 INFO     [TIMING] Write N_and_D_summary_stats to Google Sheets in 0.0s
2026-06-08 21:41:03 INFO     [TIMING] Output contribution computed in 0.0s
2026-06-08 21:41:03 INFO     [TIMING] Write output_contrib to Google Sheets in 0.0s
.2026-06-08 21:41:03 INFO     [TIMING] pull_efs_for_diagnostics completed in 0.0s
2026-06-08 21:41:03 INFO     ------ Calculating EF Diagnostics ------
2026-06-08 21:41:03 INFO     [TIMING] Write N_and_diffs to Google Sheets in 0.0s
2026-06-08 21:41:03 INFO     [TIMING] Write D_and_diffs to Google Sheets in 0.0s
2026-06-08 21:41:03 INFO     [TIMING] Write N_and_D_summary_stats to Google Sheets in 0.0s
2026-06-08 21:41:03 INFO     [TIMING] Output contribution computed in 0.0s
2026-06-08 21:41:03 INFO     [TIMING] Write output_contrib to Google Sheets in 0.0s
.2026-06-08 21:41:03 INFO     [TIMING] pull_efs_for_diagnostics completed in 0.0s
2026-06-08 21:41:03 INFO     ------ Calculating EF Diagnostics ------
2026-06-08 21:41:03 INFO     [TIMING] Write N_and_diffs to Google Sheets in 0.0s
2026-06-08 21:41:03 INFO     [TIMING] Write D_and_diffs to Google Sheets in 0.0s
2026-06-08 21:41:03 INFO     [TIMING] Write N_and_D_summary_stats to Google Sheets in 0.0s
2026-06-08 21:41:03 INFO     [TIMING] Output contribution computed in 0.0s
2026-06-08 21:41:03 INFO     [TIMING] Write output_contrib to Google Sheets in 0.0s
.2026-06-08 21:41:03 INFO     [TIMING] pull_efs_for_diagnostics completed in 0.0s
2026-06-08 21:41:03 INFO     ------ Calculating EF Diagnostics ------
2026-06-08 21:41:03 INFO     [TIMING] Write N_and_diffs to Google Sheets in 0.0s
2026-06-08 21:41:03 INFO     [TIMING] Write D_and_diffs to Google Sheets in 0.0s
2026-06-08 21:41:03 INFO     [TIMING] Write N_and_D_summary_stats to Google Sheets in 0.0s
2026-06-08 21:41:03 INFO     [TIMING] Output contribution computed in 0.0s
2026-06-08 21:41:03 INFO     [TIMING] Write output_contrib to Google Sheets in 0.0s
.....
bedrock\utils\validation\__tests__\test_calculate_national_accounting_balance.py 2026-06-08 21:41:03 INFO     ------ Calculating national accounting balance diagnostics ------
2026-06-08 21:41:03 INFO     1. Calculating BLy (live)...
2026-06-08 21:41:03 INFO     2. Loading E_orig from snapshot...
2026-06-08 21:41:03 INFO     3. Writing BLy vs E (national totals)...
2026-06-08 21:41:03 INFO     4. Loading baseline B, Adom, y_nab; computing BLy_old...
2026-06-08 21:41:03 INFO     5. Writing BLy_new vs BLy_old (by sector)...
.2026-06-08 21:41:03 INFO     ------ Calculating national accounting balance diagnostics ------
2026-06-08 21:41:03 INFO     1. Calculating BLy (live)...
2026-06-08 21:41:03 INFO     2. Loading E_orig from snapshot...
2026-06-08 21:41:03 INFO     3. Writing BLy vs E (national totals)...
2026-06-08 21:41:03 INFO     4. Loading baseline B, Adom, y_nab; computing BLy_old...
2026-06-08 21:41:03 INFO     5. Writing BLy_new vs BLy_old (by sector)...
.
bedrock\utils\validation\__tests__\test_diagnostics_helpers.py ............
bedrock\utils\validation\__tests__\test_diagnostics_sector_alignment.py 2026-06-08 21:41:03 INFO     Schema alignment: 19 sectors in full union index, 14 active mappings: {'562000': 'old-only (waste aggregate)', '562111': 'new-only (waste subsector)', '562HAZ': 'new-only (waste subsector)', '562212': 'new-only (waste subsector)', '562213': 'new-only (waste subsector)', '562910': 'new-only (waste subsector)', '562920': 'new-only (waste subsector)', '562OTH': 'new-only (waste subsector)', '335220': 'new-only (appliance aggregate)', '335221': 'old-only (appliance detail)', '335222': 'old-only (appliance detail)', '335224': 'old-only (appliance detail)', '335228': 'old-only (appliance detail)', '33131B': 'new-only (aluminum)'}
.2026-06-08 21:41:03 INFO     Schema alignment: 18 sectors in full union index, 13 active mappings: {'562000': 'old-only (waste aggregate)', '562111': 'new-only (waste subsector)', '562HAZ': 'new-only (waste subsector)', '562212': 'new-only (waste subsector)', '562213': 'new-only (waste subsector)', '562910': 'new-only (waste subsector)', '562920': 'new-only (waste subsector)', '562OTH': 'new-only (waste subsector)', '335220': 'new-only (appliance aggregate)', '335221': 'old-only (appliance detail)', '335222': 'old-only (appliance detail)', '335224': 'old-only (appliance detail)', '335228': 'old-only (appliance detail)'}
.2026-06-08 21:41:03 INFO     Schema alignment: 3 sectors in full union index, 0 active mappings: {}
.
bedrock\utils\validation\__tests__\test_eeio_diagnostics.py .............
bedrock\utils\validation\__tests__\test_generate_diagnostics.py 2026-06-08 21:41:03 INFO     ----- Calculating and writing diagnostics -----
2026-06-08 21:41:03 INFO     [TIMING] EF diagnostics completed in 0.0s
2026-06-08 21:41:03 INFO     [TIMING] National accounting balance diagnostics completed in 0.0s
2026-06-08 21:41:03 INFO     ----- Updating config summary -----
2026-06-08 21:41:03 INFO     [TIMING] Config summary update completed in 0.0s
2026-06-08 21:41:04 WARNING  Sheet1 cleanup skipped (HttpError: <HttpError 403 when requesting https://sheets.googleapis.com/v4/spreadsheets/test_sheet?alt=json returned "Request had insufficient authentication scopes.". Details: "[{'@type': 'type.googleapis.com/google.rpc.ErrorInfo', 'reason': 'ACCESS_TOKEN_SCOPE_INSUFFICIENT', 'domain': 'googleapis.com', 'metadata': {'service': 'sheets.googleapis.com', 'method': 'google.apps.sheets.v4.SpreadsheetsService.GetSpreadsheet'}}]">)
2026-06-08 21:41:04 INFO     [TIMING] Total diagnostics completed in 0.6s
.2026-06-08 21:41:04 INFO     ----- Calculating and writing diagnostics -----
2026-06-08 21:41:04 INFO     [TIMING] EF diagnostics completed in 0.0s
2026-06-08 21:41:04 INFO     [TIMING] National accounting balance diagnostics completed in 0.0s
2026-06-08 21:41:04 INFO     ----- Updating config summary -----
2026-06-08 21:41:04 INFO     [TIMING] Config summary update completed in 0.0s
2026-06-08 21:41:04 WARNING  Sheet1 cleanup skipped (HttpError: <HttpError 403 when requesting https://sheets.googleapis.com/v4/spreadsheets/test_sheet?alt=json returned "Request had insufficient authentication scopes.". Details: "[{'@type': 'type.googleapis.com/google.rpc.ErrorInfo', 'reason': 'ACCESS_TOKEN_SCOPE_INSUFFICIENT', 'domain': 'googleapis.com', 'metadata': {'service': 'sheets.googleapis.com', 'method': 'google.apps.sheets.v4.SpreadsheetsService.GetSpreadsheet'}}]">)
2026-06-08 21:41:04 INFO     [TIMING] Total diagnostics completed in 0.1s
.2026-06-08 21:41:04 INFO     ----- Calculating and writing diagnostics -----
2026-06-08 21:41:04 INFO     [TIMING] EF diagnostics completed in 0.0s
2026-06-08 21:41:04 INFO     [TIMING] National accounting balance diagnostics completed in 0.0s
2026-06-08 21:41:04 INFO     ----- Updating config summary -----
2026-06-08 21:41:04 INFO     [TIMING] Config summary update completed in 0.0s
2026-06-08 21:41:04 WARNING  Sheet1 cleanup skipped (HttpError: <HttpError 403 when requesting https://sheets.googleapis.com/v4/spreadsheets/test_sheet?alt=json returned "Request had insufficient authentication scopes.". Details: "[{'@type': 'type.googleapis.com/google.rpc.ErrorInfo', 'reason': 'ACCESS_TOKEN_SCOPE_INSUFFICIENT', 'domain': 'googleapis.com', 'metadata': {'method': 'google.apps.sheets.v4.SpreadsheetsService.GetSpreadsheet', 'service': 'sheets.googleapis.com'}}]">)
2026-06-08 21:41:04 INFO     [TIMING] Total diagnostics completed in 0.2s
.
bedrock\utils\validation\__tests__\test_useeio_excel_baseline.py ....

=================================== ERRORS ====================================
_________ ERROR at setup of TestPipelineAq.test_differs_from_baseline _________
E   pandera.errors.SchemaError: q index does not match active Cornerstone commodities
================================== FAILURES ===================================
C:\Users\jvend\Documents\CodeProjects\bedrock\bedrock\transform\eeio\__tests__\test_useeio_b_steps.py:65: AttributeError: 'function' object has no attribute '__wrapped__'
C:\Users\jvend\Documents\CodeProjects\bedrock\bedrock\utils\schemas\cornerstone_schemas.py:133: pandera.errors.SchemaError: q index does not match active Cornerstone commodities
============================== warnings summary ===============================
bedrock/transform/eeio/__tests__/test_waste_disagg_pipeline_integration.py::TestPipelineB::test_correct_dimensions
  C:\Users\jvend\Documents\CodeProjects\bedrock\bedrock\extract\allocation\mecs.py:79: FutureWarning: Downcasting behavior in `replace` is deprecated and will be removed in a future version. To retain the old behavior, explicitly call `result.infer_objects(copy=False)`. To opt-in to the future behavior, set `pd.set_option('future.no_silent_downcasting', True)`
    tbl_3_1.replace(["*", "W", "Q", "D"], 0.0, inplace=True)

bedrock/transform/eeio/__tests__/test_waste_disagg_pipeline_integration.py::TestPipelineB::test_correct_dimensions
  C:\Users\jvend\Documents\CodeProjects\bedrock\bedrock\extract\allocation\mecs.py:36: FutureWarning: Downcasting behavior in `replace` is deprecated and will be removed in a future version. To retain the old behavior, explicitly call `result.infer_objects(copy=False)`. To opt-in to the future behavior, set `pd.set_option('future.no_silent_downcasting', True)`
    tbl_2_1.replace(["*", "W", "Q", "D"], 0, inplace=True)

bedrock/transform/eeio/__tests__/test_waste_disagg_pipeline_integration.py::TestPipelineB::test_correct_dimensions
  C:\Users\jvend\Documents\CodeProjects\bedrock\bedrock\extract\allocation\epa.py:1033: SettingWithCopyWarning: 
  A value is trying to be set on a copy of a slice from a DataFrame
  
  See the caveats in the documentation: https://pandas.pydata.org/pandas-docs/stable/user_guide/indexing.html#returning-a-view-versus-a-copy
    final_tbl["Aerosols"] = (

bedrock/transform/eeio/__tests__/test_waste_disagg_pipeline_integration.py::TestPipelineB::test_correct_dimensions
  C:\Users\jvend\Documents\CodeProjects\bedrock\bedrock\extract\allocation\epa.py:1038: SettingWithCopyWarning: 
  A value is trying to be set on a copy of a slice from a DataFrame
  
  See the caveats in the documentation: https://pandas.pydata.org/pandas-docs/stable/user_guide/indexing.html#returning-a-view-versus-a-copy
    final_tbl["Foams"] = (

bedrock/transform/eeio/__tests__/test_waste_disagg_pipeline_integration.py::TestPipelineB::test_correct_dimensions
  C:\Users\jvend\Documents\CodeProjects\bedrock\bedrock\extract\allocation\epa.py:1042: SettingWithCopyWarning: 
  A value is trying to be set on a copy of a slice from a DataFrame
  
  See the caveats in the documentation: https://pandas.pydata.org/pandas-docs/stable/user_guide/indexing.html#returning-a-view-versus-a-copy
    final_tbl["Solvents"] = (

bedrock/transform/eeio/__tests__/test_waste_disagg_pipeline_integration.py::TestPipelineB::test_correct_dimensions
  C:\Users\jvend\Documents\CodeProjects\bedrock\bedrock\extract\allocation\epa.py:1047: SettingWithCopyWarning: 
  A value is trying to be set on a copy of a slice from a DataFrame
  
  See the caveats in the documentation: https://pandas.pydata.org/pandas-docs/stable/user_guide/indexing.html#returning-a-view-versus-a-copy
    final_tbl["Fire Protection"] = (

bedrock/transform/eeio/__tests__/test_waste_disagg_pipeline_integration.py::TestPipelineB::test_correct_dimensions
bedrock/transform/eeio/__tests__/test_waste_disagg_pipeline_integration.py::TestPipelineB::test_non_waste_matches_baseline
  C:\Users\jvend\Documents\CodeProjects\bedrock\bedrock\transform\allocation\other_gases\hfc_134a_magnesium_production.py:23: FutureWarning: Series.__getitem__ treating keys as positions is deprecated. In a future version, integer keys will always be treated as labels (consistent with DataFrame behavior). To access a value by position, use `ser.iloc[pos]`
    industry_output.loc[pd.Index([key])][0]

bedrock/transform/eeio/__tests__/test_waste_disagg_pipeline_integration.py::TestPipelineB::test_correct_dimensions
bedrock/transform/eeio/__tests__/test_waste_disagg_pipeline_integration.py::TestPipelineB::test_non_waste_matches_baseline
  C:\Users\jvend\Documents\CodeProjects\bedrock\bedrock\transform\allocation\derived.py:225: FutureWarning: The 'axis' keyword in DataFrame.groupby is deprecated and will be removed in a future version.
    .groupby(lambda es: EmissionsSource(es).gas, axis=0)  # type: ignore

-- Docs: https://docs.pytest.org/en/stable/how-to/capture-warnings.html
=========================== short test summary info ===========================
FAILED bedrock/transform/eeio/__tests__/test_useeio_b_steps.py::test_useeio_b_adjust_divide_transform_steps
FAILED bedrock/transform/eeio/__tests__/test_waste_disagg_pipeline_integration.py::TestFeatureOffRegression::test_feature_off_Aq_uses_expansion_path
ERROR bedrock/transform/eeio/__tests__/test_waste_disagg_pipeline_integration.py::TestPipelineAq::test_differs_from_baseline
= 2 failed, 220 passed, 3 skipped, 197 deselected, 1 xfailed, 10 warnings, 1 error in 116.42s (0:01:56) =
